<?xml version="1.0" encoding="UTF-8"?>
<!-- Generated by org.testng.reporters.JUnitXMLReporter -->
<testsuite hostname="DESKTOP-27L8JE7" ignored="0" name="Default test" tests="4" failures="0" timestamp="18 Aug 2020 04:42:04 GMT" time="0.14" errors="0">
  <testcase name="orange" time="0.021" classname="com.selenium.MavenProject_August9_30AMBatch.TestDependency"/>
  <testcase name="white" time="0.002" classname="com.selenium.MavenProject_August9_30AMBatch.TestDependency"/>
  <testcase name="blue" time="0.006" classname="com.selenium.MavenProject_August9_30AMBatch.TestDependency">
    <skipped/>
  </testcase> <!-- blue -->
  <testcase name="green" time="0.0" classname="com.selenium.MavenProject_August9_30AMBatch.TestDependency">
    <skipped/>
  </testcase> <!-- green -->
</testsuite> <!-- Default test -->
